<?xml version="1.0" encoding="UTF-8" ?>
<testsuite tests="26" failures="0" name="org.example.AppTest" time="0.004" errors="0" skipped="0">
  <properties>
    <property name="java.runtime.name" value="OpenJDK Runtime Environment"/>
    <property name="java.vm.version" value="17.0.13+11-Ubuntu-2ubuntu122.04"/>
    <property name="sun.boot.library.path" value="/usr/lib/jvm/java-17-openjdk-amd64/lib"/>
    <property name="maven.multiModuleProjectDirectory" value="/home/aakash/Desktop/SS class slides/SoftwareTesting/UnitTesting"/>
    <property name="java.vm.vendor" value="Ubuntu"/>
    <property name="java.vendor.url" value="https://ubuntu.com/"/>
    <property name="guice.disable.misplaced.annotation.check" value="true"/>
    <property name="path.separator" value=":"/>
    <property name="java.vm.name" value="OpenJDK 64-Bit Server VM"/>
    <property name="user.country" value="IN"/>
    <property name="sun.java.launcher" value="SUN_STANDARD"/>
    <property name="java.vm.specification.name" value="Java Virtual Machine Specification"/>
    <property name="user.dir" value="/home/aakash/Desktop/SS class slides/SoftwareTesting/UnitTesting"/>
    <property name="java.vm.compressedOopsMode" value="Zero based"/>
    <property name="java.runtime.version" value="17.0.13+11-Ubuntu-2ubuntu122.04"/>
    <property name="os.arch" value="amd64"/>
    <property name="java.io.tmpdir" value="/tmp"/>
    <property name="line.separator" value="
"/>
    <property name="java.vm.specification.vendor" value="Oracle Corporation"/>
    <property name="os.name" value="Linux"/>
    <property name="classworlds.conf" value="/usr/share/maven/bin/m2.conf"/>
    <property name="sun.jnu.encoding" value="UTF-8"/>
    <property name="java.library.path" value="/usr/java/packages/lib:/usr/lib/x86_64-linux-gnu/jni:/lib/x86_64-linux-gnu:/usr/lib/x86_64-linux-gnu:/usr/lib/jni:/lib:/usr/lib"/>
    <property name="maven.conf" value="/usr/share/maven/conf"/>
    <property name="jdk.debug" value="release"/>
    <property name="java.class.version" value="61.0"/>
    <property name="java.specification.name" value="Java Platform API Specification"/>
    <property name="sun.management.compiler" value="HotSpot 64-Bit Tiered Compilers"/>
    <property name="os.version" value="6.8.0-49-generic"/>
    <property name="library.jansi.path" value="/usr/share/maven/lib/jansi-native"/>
    <property name="user.home" value="/home/aakash"/>
    <property name="user.timezone" value="Asia/Kolkata"/>
    <property name="file.encoding" value="UTF-8"/>
    <property name="java.specification.version" value="17"/>
    <property name="user.name" value="aakash"/>
    <property name="java.class.path" value="/usr/share/maven/boot/plexus-classworlds-2.x.jar"/>
    <property name="java.vm.specification.version" value="17"/>
    <property name="sun.arch.data.model" value="64"/>
    <property name="sun.java.command" value="org.codehaus.plexus.classworlds.launcher.Launcher clean install"/>
    <property name="java.home" value="/usr/lib/jvm/java-17-openjdk-amd64"/>
    <property name="user.language" value="en"/>
    <property name="java.specification.vendor" value="Oracle Corporation"/>
    <property name="java.vm.info" value="mixed mode, sharing"/>
    <property name="java.version" value="17.0.13"/>
    <property name="native.encoding" value="UTF-8"/>
    <property name="java.vendor" value="Ubuntu"/>
    <property name="sun.stderr.encoding" value="UTF-8"/>
    <property name="java.specification.maintenance.version" value="1"/>
    <property name="maven.home" value="/usr/share/maven"/>
    <property name="file.separator" value="/"/>
    <property name="java.version.date" value="2024-10-15"/>
    <property name="java.vendor.url.bug" value="https://bugs.launchpad.net/ubuntu/+source/openjdk-17"/>
    <property name="sun.io.unicode.encoding" value="UnicodeLittle"/>
    <property name="sun.cpu.endian" value="little"/>
    <property name="sun.stdout.encoding" value="UTF-8"/>
  </properties>
  <testcase classname="org.example.AppTest" name="org.example.AppTest.testIsOdd" time="0.002"/>
  <testcase classname="org.example.AppTest" name="org.example.AppTest.testIsEven" time="0"/>
  <testcase classname="org.example.AppTest" name="org.example.AppTest.testSwapUsingXOR" time="0"/>
  <testcase classname="org.example.AppTest" name="org.example.AppTest.testFindSingleNonRepeating" time="0.001"/>
  <testcase classname="org.example.AppTest" name="org.example.AppTest.testIsPowerOfTwo" time="0"/>
  <testcase classname="org.example.AppTest" name="org.example.AppTest.testCountSetBits" time="0"/>
  <testcase classname="org.example.AppTest" name="org.example.AppTest.testHaveOppositeSigns" time="0"/>
  <testcase classname="org.example.AppTest" name="org.example.AppTest.testGetNthBit" time="0"/>
  <testcase classname="org.example.AppTest" name="org.example.AppTest.testSetNthBit" time="0"/>
  <testcase classname="org.example.AppTest" name="org.example.AppTest.testClearNthBit" time="0"/>
  <testcase classname="org.example.AppTest" name="org.example.AppTest.testToggleNthBit" time="0"/>
  <testcase classname="org.example.AppTest" name="org.example.AppTest.testIsBinaryPalindrome" time="0"/>
  <testcase classname="org.example.AppTest" name="org.example.AppTest.testReverseBits" time="0"/>
  <testcase classname="org.example.AppTest" name="org.example.AppTest.testNextPowerOfTwo" time="0"/>
  <testcase classname="org.example.AppTest" name="org.example.AppTest.testRightmostSetBitPosition" time="0"/>
  <testcase classname="org.example.AppTest" name="org.example.AppTest.testXorFrom1ToN" time="0"/>
  <testcase classname="org.example.AppTest" name="org.example.AppTest.testHasAlternatingBits" time="0"/>
  <testcase classname="org.example.AppTest" name="org.example.AppTest.testIsEvenParity" time="0"/>
  <testcase classname="org.example.AppTest" name="org.example.AppTest.testClearBitsFromMSB" time="0"/>
  <testcase classname="org.example.AppTest" name="org.example.AppTest.testClearBitsFromLSB" time="0"/>
  <testcase classname="org.example.AppTest" name="org.example.AppTest.testNegate" time="0"/>
  <testcase classname="org.example.AppTest" name="org.example.AppTest.testBitwiseNegate" time="0.001"/>
  <testcase classname="org.example.AppTest" name="org.example.AppTest.testIncrement" time="0"/>
  <testcase classname="org.example.AppTest" name="org.example.AppTest.testDecrement" time="0"/>
  <testcase classname="org.example.AppTest" name="org.example.AppTest.testAbsoluteValue" time="0"/>
  <testcase classname="org.example.AppTest" name="org.example.AppTest.testSquare" time="0"/>
</testsuite>